<?xml version="1.0" encoding="UTF-8"?>
<!-- Generated by org.testng.reporters.JUnitReportReporter -->
<testsuite skipped="0" hostname="chinni" name="sample.TasksTests" tests="1" failures="0" timestamp="23 Apr 2019 23:30:41 GMT" time="106.001" errors="0">
  <testcase name="createCustomerTest" time="106.001" classname="sample.TasksTests"/>
</testsuite> <!-- sample.TasksTests -->
